<?xml version="1.0" encoding="utf-8"?><testsuites name="pytest tests"><testsuite name="pytest" errors="0" failures="2" skipped="0" tests="27" time="11.396" timestamp="2026-08-17T05:42:34.326720+00:00" hostname="agent-env-0a8cdf35-1ac1-4f4d-b464-05dd51bc8978"><testcase classname="tests.backend_test.TestOperate" name="test_create_lead_and_persistence" time="0.775" /><testcase classname="tests.backend_test.TestSEO" name="test_scan_public_url" time="0.822" /><testcase classname="tests.backend_test.TestOperate" name="test_update_lead_stage_moves_pipeline" time="0.059" /><testcase classname="tests.backend_test.TestSEO" name="test_scan_private_url_rejected" time="0.052" /><testcase classname="tests.backend_test.TestOperate" name="test_delete_lead" time="0.054" /><testcase classname="tests.backend_test.TestSEO" name="test_scan_localhost_rejected" time="0.053" /><testcase classname="tests.backend_test.TestOperate" name="test_job_crud" time="0.292" /><testcase classname="tests.backend_test.TestSEO" name="test_keyword_crud" time="0.204" /><testcase classname="tests.backend_test.TestSEO" name="test_competitor_crud" time="0.164" /><testcase classname="tests.backend_test.TestOperate" name="test_invoice_create_and_checkout" time="1.570" /><testcase classname="tests.backend_test.TestSEO" name="test_audits_history" time="1.165" /><testcase classname="tests.backend_test.TestAuth" name="test_health" time="0.159" /><testcase classname="tests.backend_test.TestAuth" name="test_seed_owner_login_returns_token_and_cookie" time="0.348" /><testcase classname="tests.backend_test.TestOperate" name="test_invoice_delete_cleanup" time="0.226" /><testcase classname="tests.backend_test.TestAuth" name="test_login_invalid" time="0.101" /><testcase classname="tests.backend_test.TestAuth" name="test_register_login_logout_flow" time="0.558"><failure message="AssertionError: assert 'test_flow_71...c@example.com' == 'TEST_flow_71...c@example.com'&#10;  &#10;  - TEST_flow_71197e3c@example.com&#10;  ? ^^^^&#10;  + test_flow_71197e3c@example.com&#10;  ? ^^^^">tests/backend_test.py:90: in test_register_login_logout_flow
    assert me.json()["user"]["email"] == email
E   AssertionError: assert 'test_flow_71...c@example.com' == 'TEST_flow_71...c@example.com'
E     
E     - TEST_flow_71197e3c@example.com
E     ? ^^^^
E     + test_flow_71197e3c@example.com
E     ? ^^^^</failure></testcase><testcase classname="tests.backend_test.TestOnboardingAndCommand" name="test_new_user_no_business_returns_404_on_metrics" time="0.659" /><testcase classname="tests.backend_test.TestOnboardingAndCommand" name="test_onboard_then_command_metrics" time="0.104" /><testcase classname="tests.backend_test.TestAuth" name="test_me_requires_auth" time="0.133" /><testcase classname="tests.backend_test.TestOnboardingAndCommand" name="test_next_best_action" time="5.290" /><testcase classname="tests.backend_test.TestReviews" name="test_list_seeded_reviews" time="0.116" /><testcase classname="tests.backend_test.TestReviews" name="test_add_and_respond" time="0.161" /><testcase classname="tests.backend_test.TestReviews" name="test_review_request_log" time="0.120" /><testcase classname="tests.backend_test.TestTenantScoping" name="test_new_user_sees_empty_data" time="0.710" /><testcase classname="tests.backend_test.TestSettings" name="test_update_business_settings" time="0.057" /><testcase classname="tests.backend_test.TestAI" name="test_seo_recommend_streams" time="0.062"><failure message="assert 422 == 200&#10; +  where 422 = &lt;Response [422]&gt;.status_code">tests/backend_test.py:306: in test_seo_recommend_streams
    assert r.status_code == 200
E   assert 422 == 200
E    +  where 422 = &lt;Response [422]&gt;.status_code</failure></testcase><testcase classname="tests.backend_test.TestAI" name="test_reviews_respond_streams" time="1.672" /></testsuite></testsuites>